0 info it worked if it ends with ok
1 verbose cli [ 'C:\\Program Files\\nodejs\\node.exe',
1 verbose cli   'C:\\Users\\Paulo\\AppData\\Roaming\\npm\\node_modules\\npm\\bin\\npm-cli.js',
1 verbose cli   'start' ]
2 info using npm@4.1.1
3 info using node@v6.2.1
4 verbose run-script [ 'prestart', 'start', 'poststart' ]
5 info lifecycle curso_socket@1.0.0~prestart: curso_socket@1.0.0
6 silly lifecycle curso_socket@1.0.0~prestart: no script for prestart, continuing
7 info lifecycle curso_socket@1.0.0~start: curso_socket@1.0.0
8 verbose lifecycle curso_socket@1.0.0~start: unsafe-perm in lifecycle true
9 verbose lifecycle curso_socket@1.0.0~start: PATH: C:\Users\Paulo\AppData\Roaming\npm\node_modules\npm\bin\node-gyp-bin;C:\Users\Paulo\Documents\Nodes\curso_socket\node_modules\.bin;C:\Program Files (x86)\Borland\Delphi7\Bin;C:\Program Files (x86)\Borland\Delphi7\Projects\Bpl\;C:\Inprise\vbroker\bin;C:\Users\Paulo\Downloads\cocos2d\templates;C:\Users\Paulo\Downloads\cocos2d\tools\cocos2d-console\bin;C:\Python27\Scripts;C:\Python27;C:\Program Files (x86)\Java\jdk1.8.0_91\bin;C:\Program Files (x86)\Java\jre1.8.0_91\bin;C:\Users\Paulo\.dnx\bin;D:\apache-maven-3.3.9\bin;C:\Program Files\PostgreSQL\9.5\bin;C:\Users\Paulo\AppData\Roaming\npm;C:\Users\Paulo\AppData\Roaming\nvm;C:\Program Files\nodejs;C:\Users\Paulo\AppData\Local\Microsoft\WindowsApps;C:\Program Files (x86)\Microsoft VS Code\bin
10 verbose lifecycle curso_socket@1.0.0~start: CWD: C:\Users\Paulo\Documents\Nodes\curso_socket
11 silly lifecycle curso_socket@1.0.0~start: Args: [ '/d /s /c', 'node server\\index.js' ]
12 silly lifecycle curso_socket@1.0.0~start: Returned: code: 1  signal: null
13 info lifecycle curso_socket@1.0.0~start: Failed to exec start script
14 verbose stack Error: curso_socket@1.0.0 start: `node server\index.js`
14 verbose stack Exit status 1
14 verbose stack     at EventEmitter.<anonymous> (C:\Users\Paulo\AppData\Roaming\npm\node_modules\npm\lib\utils\lifecycle.js:279:16)
14 verbose stack     at emitTwo (events.js:106:13)
14 verbose stack     at EventEmitter.emit (events.js:191:7)
14 verbose stack     at ChildProcess.<anonymous> (C:\Users\Paulo\AppData\Roaming\npm\node_modules\npm\lib\utils\spawn.js:40:14)
14 verbose stack     at emitTwo (events.js:106:13)
14 verbose stack     at ChildProcess.emit (events.js:191:7)
14 verbose stack     at maybeClose (internal/child_process.js:852:16)
14 verbose stack     at Process.ChildProcess._handle.onexit (internal/child_process.js:215:5)
15 verbose pkgid curso_socket@1.0.0
16 verbose cwd C:\Users\Paulo\Documents\Nodes\curso_socket
17 error Windows_NT 10.0.14393
18 error argv "C:\\Program Files\\nodejs\\node.exe" "C:\\Users\\Paulo\\AppData\\Roaming\\npm\\node_modules\\npm\\bin\\npm-cli.js" "start"
19 error node v6.2.1
20 error npm  v4.1.1
21 error code ELIFECYCLE
22 error curso_socket@1.0.0 start: `node server\index.js`
22 error Exit status 1
23 error Failed at the curso_socket@1.0.0 start script 'node server\index.js'.
23 error Make sure you have the latest version of node.js and npm installed.
23 error If you do, this is most likely a problem with the curso_socket package,
23 error not with npm itself.
23 error Tell the author that this fails on your system:
23 error     node server\index.js
23 error You can get information on how to open an issue for this project with:
23 error     npm bugs curso_socket
23 error Or if that isn't available, you can get their info via:
23 error     npm owner ls curso_socket
23 error There is likely additional logging output above.
24 verbose exit [ 1, true ]
